 WARN [2016-02-29 18:28:42,617] (ConnectionFactory.java:clearCache:217) - No cached connections
 WARN [2016-02-29 18:28:45,056] (DescribeObjectRegistry.java:clearCache:660) - No cached describes
 WARN [2016-02-29 18:28:45,173] (MetadataFactory.java:clearCache:125) - No cached metadata stubs
 WARN [2016-03-01 18:02:25,195] (ConnectionFactory.java:clearCache:217) - No cached connections
 WARN [2016-03-01 18:02:26,814] (DescribeObjectRegistry.java:clearCache:660) - No cached describes
 WARN [2016-03-01 18:02:26,920] (MetadataFactory.java:clearCache:125) - No cached metadata stubs
 WARN [2016-03-02 18:07:06,004] (ConnectionFactory.java:clearCache:217) - No cached connections
 WARN [2016-03-02 18:07:07,088] (DescribeObjectRegistry.java:clearCache:660) - No cached describes
 WARN [2016-03-02 18:07:07,187] (MetadataFactory.java:clearCache:125) - No cached metadata stubs
 WARN [2016-03-03 17:49:52,297] (ConnectionFactory.java:clearCache:217) - No cached connections
 WARN [2016-03-03 17:49:52,744] (DescribeObjectRegistry.java:clearCache:660) - No cached describes
 WARN [2016-03-03 17:49:53,006] (MetadataFactory.java:clearCache:125) - No cached metadata stubs
 WARN [2016-03-03 20:38:15,833] (ProjectAddEvaluator.java:visit:86) - Unable to add skip builder flag to added project 'P/avon_edit': Resource '/avon_edit' is not open. Cause:
 (1) Resource '/avon_edit' is not open.
 WARN [2016-03-03 20:38:16,071] (ProjectAddEvaluator.java:visit:101) - Unable to add skip builder flag to added project 'P/avon_edit': Resource '/avon_edit' is not open. Cause:
 (1) Resource '/avon_edit' is not open.
 WARN [2016-03-03 22:16:51,407] (ConnectionFactory.java:clearCache:217) - No cached connections
 WARN [2016-03-03 22:16:52,027] (DescribeObjectRegistry.java:clearCache:660) - No cached describes
 WARN [2016-03-03 22:16:52,374] (MetadataFactory.java:clearCache:125) - No cached metadata stubs
 WARN [2016-03-04 08:26:58,323] (ConnectionFactory.java:clearCache:217) - No cached connections
 WARN [2016-03-04 08:26:58,764] (DescribeObjectRegistry.java:clearCache:660) - No cached describes
 WARN [2016-03-04 08:26:59,083] (MetadataFactory.java:clearCache:125) - No cached metadata stubs
 WARN [2016-03-04 08:38:30,752] (ConnectionFactory.java:clearCache:217) - No cached connections
 WARN [2016-03-04 08:38:31,102] (DescribeObjectRegistry.java:clearCache:660) - No cached describes
 WARN [2016-03-04 08:38:31,370] (MetadataFactory.java:clearCache:125) - No cached metadata stubs
 WARN [2016-03-04 08:54:04,222] (ConnectionFactory.java:clearCache:217) - No cached connections
 WARN [2016-03-04 08:54:04,985] (DescribeObjectRegistry.java:clearCache:660) - No cached describes
 WARN [2016-03-04 08:54:05,389] (MetadataFactory.java:clearCache:125) - No cached metadata stubs
 WARN [2016-03-04 09:01:36,631] (ConnectionFactory.java:clearCache:217) - No cached connections
 WARN [2016-03-04 09:01:37,060] (DescribeObjectRegistry.java:clearCache:660) - No cached describes
 WARN [2016-03-04 09:01:37,337] (MetadataFactory.java:clearCache:125) - No cached metadata stubs
 WARN [2016-03-04 09:55:17,363] (ProjectAddEvaluator.java:visit:86) - Unable to add skip builder flag to added project 'P/avon_edit_(1)': Resource '/avon_edit_(1)' is not open. Cause:
 (1) Resource '/avon_edit_(1)' is not open.
 WARN [2016-03-04 09:55:17,456] (ProjectAddEvaluator.java:visit:101) - Unable to add skip builder flag to added project 'P/avon_edit_(1)': Resource '/avon_edit_(1)' is not open. Cause:
 (1) Resource '/avon_edit_(1)' is not open.
 WARN [2016-03-04 17:59:51,521] (ConnectionFactory.java:clearCache:217) - No cached connections
 WARN [2016-03-04 17:59:51,872] (DescribeObjectRegistry.java:clearCache:660) - No cached describes
 WARN [2016-03-04 17:59:52,132] (MetadataFactory.java:clearCache:125) - No cached metadata stubs
 WARN [2016-03-07 18:56:24,112] (ConnectionFactory.java:clearCache:217) - No cached connections
 WARN [2016-03-07 18:56:27,339] (DescribeObjectRegistry.java:clearCache:660) - No cached describes
 WARN [2016-03-07 18:56:27,630] (MetadataFactory.java:clearCache:125) - No cached metadata stubs
 WARN [2016-03-07 23:52:22,989] (ConnectionFactory.java:clearCache:217) - No cached connections
 WARN [2016-03-07 23:52:23,465] (DescribeObjectRegistry.java:clearCache:660) - No cached describes
 WARN [2016-03-07 23:52:23,732] (MetadataFactory.java:clearCache:125) - No cached metadata stubs
 WARN [2016-03-08 18:27:55,993] (ConnectionFactory.java:clearCache:217) - No cached connections
 WARN [2016-03-08 18:27:58,223] (DescribeObjectRegistry.java:clearCache:660) - No cached describes
 WARN [2016-03-08 18:27:58,585] (MetadataFactory.java:clearCache:125) - No cached metadata stubs
 WARN [2016-03-08 22:10:05,114] (ConnectionFactory.java:clearCache:217) - No cached connections
 WARN [2016-03-08 22:10:05,567] (DescribeObjectRegistry.java:clearCache:660) - No cached describes
 WARN [2016-03-08 22:10:05,866] (MetadataFactory.java:clearCache:125) - No cached metadata stubs
 WARN [2016-03-09 09:51:34,391] (ConnectionFactory.java:clearCache:217) - No cached connections
 WARN [2016-03-09 09:51:36,576] (DescribeObjectRegistry.java:clearCache:660) - No cached describes
 WARN [2016-03-09 09:51:37,243] (MetadataFactory.java:clearCache:125) - No cached metadata stubs
 WARN [2016-03-09 18:30:05,842] (ConnectionFactory.java:clearCache:217) - No cached connections
 WARN [2016-03-09 18:30:06,185] (DescribeObjectRegistry.java:clearCache:660) - No cached describes
 WARN [2016-03-09 18:30:06,539] (MetadataFactory.java:clearCache:125) - No cached metadata stubs
 WARN [2016-03-09 21:13:50,203] (ConnectionFactory.java:clearCache:217) - No cached connections
 WARN [2016-03-09 21:13:50,586] (DescribeObjectRegistry.java:clearCache:660) - No cached describes
 WARN [2016-03-09 21:13:51,077] (MetadataFactory.java:clearCache:125) - No cached metadata stubs
 WARN [2016-03-10 09:56:18,872] (ConnectionFactory.java:clearCache:217) - No cached connections
 WARN [2016-03-10 09:56:22,921] (DescribeObjectRegistry.java:clearCache:660) - No cached describes
 WARN [2016-03-10 09:56:23,502] (MetadataFactory.java:clearCache:125) - No cached metadata stubs
 WARN [2016-03-10 21:15:21,387] (ConnectionFactory.java:clearCache:217) - No cached connections
 WARN [2016-03-10 21:15:24,081] (DescribeObjectRegistry.java:clearCache:660) - No cached describes
 WARN [2016-03-10 21:15:24,428] (MetadataFactory.java:clearCache:125) - No cached metadata stubs
 WARN [2016-03-11 18:54:45,594] (ConnectionFactory.java:clearCache:217) - No cached connections
 WARN [2016-03-11 18:54:49,509] (DescribeObjectRegistry.java:clearCache:660) - No cached describes
 WARN [2016-03-11 18:54:50,046] (MetadataFactory.java:clearCache:125) - No cached metadata stubs
 WARN [2016-03-11 23:45:23,390] (ConnectionFactory.java:clearCache:217) - No cached connections
 WARN [2016-03-11 23:45:25,262] (DescribeObjectRegistry.java:clearCache:660) - No cached describes
 WARN [2016-03-11 23:45:25,542] (MetadataFactory.java:clearCache:125) - No cached metadata stubs
 WARN [2016-03-12 08:12:19,504] (ConnectionFactory.java:clearCache:217) - No cached connections
 WARN [2016-03-12 08:12:21,456] (DescribeObjectRegistry.java:clearCache:660) - No cached describes
 WARN [2016-03-12 08:12:21,946] (MetadataFactory.java:clearCache:125) - No cached metadata stubs
 WARN [2016-03-13 09:44:46,860] (ConnectionFactory.java:clearCache:217) - No cached connections
 WARN [2016-03-13 09:44:50,041] (DescribeObjectRegistry.java:clearCache:660) - No cached describes
 WARN [2016-03-13 09:44:50,432] (MetadataFactory.java:clearCache:125) - No cached metadata stubs
 WARN [2016-03-14 14:42:14,562] (ConnectionFactory.java:clearCache:217) - No cached connections
 WARN [2016-03-14 14:42:16,268] (DescribeObjectRegistry.java:clearCache:660) - No cached describes
 WARN [2016-03-14 14:42:16,522] (MetadataFactory.java:clearCache:125) - No cached metadata stubs
 WARN [2016-03-14 18:19:28,775] (ConnectionFactory.java:clearCache:217) - No cached connections
 WARN [2016-03-14 18:19:33,569] (DescribeObjectRegistry.java:clearCache:660) - No cached describes
 WARN [2016-03-14 18:19:33,857] (MetadataFactory.java:clearCache:125) - No cached metadata stubs
 WARN [2016-03-15 17:13:31,324] (ConnectionFactory.java:clearCache:217) - No cached connections
 WARN [2016-03-15 17:13:32,483] (DescribeObjectRegistry.java:clearCache:660) - No cached describes
 WARN [2016-03-15 17:13:32,681] (MetadataFactory.java:clearCache:125) - No cached metadata stubs
 WARN [2016-03-15 18:45:21,357] (ConnectionFactory.java:clearCache:217) - No cached connections
 WARN [2016-03-15 18:45:21,607] (DescribeObjectRegistry.java:clearCache:660) - No cached describes
 WARN [2016-03-15 18:45:21,762] (MetadataFactory.java:clearCache:125) - No cached metadata stubs
 WARN [2016-03-16 11:59:43,196] (ProjectAddEvaluator.java:visit:86) - Unable to add skip builder flag to added project 'P/Ivr.parser': Resource '/Ivr.parser' is not open. Cause:
 (1) Resource '/Ivr.parser' is not open.
 WARN [2016-03-16 11:59:43,257] (ProjectAddEvaluator.java:visit:101) - Unable to add skip builder flag to added project 'P/Ivr.parser': Resource '/Ivr.parser' is not open. Cause:
 (1) Resource '/Ivr.parser' is not open.
 WARN [2016-03-16 12:03:04,204] (ProjectAddEvaluator.java:visit:86) - Unable to add skip builder flag to added project 'P/Ivr.parser': Resource '/Ivr.parser' is not open. Cause:
 (1) Resource '/Ivr.parser' is not open.
 WARN [2016-03-16 12:03:04,209] (ProjectAddEvaluator.java:visit:101) - Unable to add skip builder flag to added project 'P/Ivr.parser': Resource '/Ivr.parser' is not open. Cause:
 (1) Resource '/Ivr.parser' is not open.
 WARN [2016-03-16 12:28:52,043] (ConnectionFactory.java:clearCache:217) - No cached connections
 WARN [2016-03-16 12:28:52,295] (DescribeObjectRegistry.java:clearCache:660) - No cached describes
 WARN [2016-03-16 12:28:52,397] (MetadataFactory.java:clearCache:125) - No cached metadata stubs
 WARN [2016-03-16 14:00:03,527] (ProjectAddEvaluator.java:visit:86) - Unable to add skip builder flag to added project 'P/src': Resource '/src' is not open. Cause:
 (1) Resource '/src' is not open.
 WARN [2016-03-16 14:00:03,602] (ProjectAddEvaluator.java:visit:101) - Unable to add skip builder flag to added project 'P/src': Resource '/src' is not open. Cause:
 (1) Resource '/src' is not open.
 WARN [2016-03-16 14:03:51,561] (ConnectionFactory.java:clearCache:217) - No cached connections
 WARN [2016-03-16 14:03:51,766] (DescribeObjectRegistry.java:clearCache:660) - No cached describes
 WARN [2016-03-16 14:03:51,873] (MetadataFactory.java:clearCache:125) - No cached metadata stubs
 WARN [2016-03-16 18:21:36,228] (ConnectionFactory.java:clearCache:217) - No cached connections
 WARN [2016-03-16 18:21:37,058] (DescribeObjectRegistry.java:clearCache:660) - No cached describes
 WARN [2016-03-16 18:21:37,162] (MetadataFactory.java:clearCache:125) - No cached metadata stubs
 WARN [2016-03-17 18:26:39,663] (ConnectionFactory.java:clearCache:217) - No cached connections
 WARN [2016-03-17 18:26:40,725] (DescribeObjectRegistry.java:clearCache:660) - No cached describes
 WARN [2016-03-17 18:26:40,824] (MetadataFactory.java:clearCache:125) - No cached metadata stubs
 WARN [2016-03-18 10:45:38,949] (ConnectionFactory.java:clearCache:217) - No cached connections
 WARN [2016-03-18 10:45:39,912] (DescribeObjectRegistry.java:clearCache:660) - No cached describes
 WARN [2016-03-18 10:45:40,011] (MetadataFactory.java:clearCache:125) - No cached metadata stubs
 WARN [2016-03-18 11:08:20,573] (ConnectionFactory.java:clearCache:217) - No cached connections
 WARN [2016-03-18 11:08:21,414] (DescribeObjectRegistry.java:clearCache:660) - No cached describes
 WARN [2016-03-18 11:08:21,548] (MetadataFactory.java:clearCache:125) - No cached metadata stubs
 WARN [2016-03-18 11:19:14,345] (ConnectionFactory.java:clearCache:217) - No cached connections
 WARN [2016-03-18 11:19:14,675] (DescribeObjectRegistry.java:clearCache:660) - No cached describes
 WARN [2016-03-18 11:19:14,849] (MetadataFactory.java:clearCache:125) - No cached metadata stubs
 WARN [2016-03-18 11:55:59,996] (ProjectAddEvaluator.java:visit:86) - Unable to add skip builder flag to added project 'P/ivr.parser': Resource '/ivr.parser' is not open. Cause:
 (1) Resource '/ivr.parser' is not open.
 WARN [2016-03-18 11:56:04,171] (ProjectAddEvaluator.java:visit:101) - Unable to add skip builder flag to added project 'P/ivr.parser': Resource '/ivr.parser' is not open. Cause:
 (1) Resource '/ivr.parser' is not open.
 WARN [2016-03-18 12:16:37,708] (ProjectService.java:isInManagedProject:1183) - Unable to determine if resource 'ivr.parser' is force managed: Resource '/ivr.parser' does not exist. Cause:
 (1) Resource '/ivr.parser' does not exist.
 WARN [2016-03-18 13:13:08,511] (ConnectionFactory.java:clearCache:217) - No cached connections
 WARN [2016-03-18 13:13:08,750] (DescribeObjectRegistry.java:clearCache:660) - No cached describes
 WARN [2016-03-18 13:13:08,912] (MetadataFactory.java:clearCache:125) - No cached metadata stubs
 WARN [2016-03-18 18:35:04,146] (ConnectionFactory.java:clearCache:217) - No cached connections
 WARN [2016-03-18 18:35:05,030] (DescribeObjectRegistry.java:clearCache:660) - No cached describes
 WARN [2016-03-18 18:35:05,139] (MetadataFactory.java:clearCache:125) - No cached metadata stubs
 WARN [2016-03-22 18:23:52,635] (ConnectionFactory.java:clearCache:217) - No cached connections
 WARN [2016-03-22 18:23:53,574] (DescribeObjectRegistry.java:clearCache:660) - No cached describes
 WARN [2016-03-22 18:23:53,721] (MetadataFactory.java:clearCache:125) - No cached metadata stubs
 WARN [2016-03-23 17:31:34,203] (BaseRetryAspect.java:isLoginExceptionRetryable:115) - Login evaluation deemed exception not retry-able:
 LoginFault: Nombre de usuario, contraseña, token de seguridad o usuario no válidos o bloqueados. ¿Se encuentra en una nueva ubicación? Cuando acceda a Salesforce desde el exterior de las redes de confianza de su compañía, ya sea mediante un cliente de sobremesa o la API, deberá agregar un token de seguridad a su contraseña para iniciar sesión. Para obtener su nuevo token de seguridad, inicie sesión en Salesforce. Desde su configuración personal, introduzca Restablecer mi token de seguridad en el cuadro Búsqueda rápida y, a continuación, seleccione Restablecer mi token de seguridad.
 WARN [2016-03-23 17:31:34,353] (BaseRetryAspect.java:isConnectionExceptionRetryable:150) - Connection evaluation deemed exception not retry-able:
 LoginFault: Nombre de usuario, contraseña, token de seguridad o usuario no válidos o bloqueados. ¿Se encuentra en una nueva ubicación? Cuando acceda a Salesforce desde el exterior de las redes de confianza de su compañía, ya sea mediante un cliente de sobremesa o la API, deberá agregar un token de seguridad a su contraseña para iniciar sesión. Para obtener su nuevo token de seguridad, inicie sesión en Salesforce. Desde su configuración personal, introduzca Restablecer mi token de seguridad en el cuadro Búsqueda rápida y, a continuación, seleccione Restablecer mi token de seguridad.
 WARN [2016-03-23 17:31:34,357] (ProjectController.java:getRemotePackageNames:930) - Unable to get project packages for project 'SandBox23032016': Nombre de usuario, contraseña, token de seguridad o usuario no válidos o bloqueados. ¿Se encuentra en una nueva ubicación? Cuando acceda a Salesforce desde el exterior de las redes de confianza de su compañía, ya sea mediante un cliente de sobremesa o la API, deberá agregar un token de seguridad a su contraseña para iniciar sesión. Para obtener su nuevo token de seguridad, inicie sesión en Salesforce. Desde su configuración personal, introduzca Restablecer mi token de seguridad en el cuadro Búsqueda rápida y, a continuación, seleccione Restablecer mi token de seguridad.
 WARN [2016-03-23 17:31:34,405] (ProjectOrganizationPage.java:prepareNextPage:263) - Unable to login: Nombre de usuario, contraseña, token de seguridad o usuario no válidos o bloqueados. ¿Se encuentra en una nueva ubicación? Cuando acceda a Salesforce desde el exterior de las redes de confianza de su compañía, ya sea mediante un cliente de sobremesa o la API, deberá agregar un token de seguridad a su contraseña para iniciar sesión. Para obtener su nuevo token de seguridad, inicie sesión en Salesforce. Desde su configuración personal, introduzca Restablecer mi token de seguridad en el cuadro Búsqueda rápida y, a continuación, seleccione Restablecer mi token de seguridad.
 WARN [2016-03-23 17:31:48,839] (BaseRetryAspect.java:isLoginExceptionRetryable:115) - Login evaluation deemed exception not retry-able:
 LoginFault: Nombre de usuario, contraseña, token de seguridad o usuario no válidos o bloqueados.
 WARN [2016-03-23 17:31:48,844] (BaseRetryAspect.java:isConnectionExceptionRetryable:150) - Connection evaluation deemed exception not retry-able:
 LoginFault: Nombre de usuario, contraseña, token de seguridad o usuario no válidos o bloqueados.
 WARN [2016-03-23 17:31:48,849] (ProjectController.java:getRemotePackageNames:930) - Unable to get project packages for project 'SandBox23032016': Nombre de usuario, contraseña, token de seguridad o usuario no válidos o bloqueados.
 WARN [2016-03-23 17:31:48,888] (ProjectOrganizationPage.java:prepareNextPage:263) - Unable to login: Nombre de usuario, contraseña, token de seguridad o usuario no válidos o bloqueados.
 WARN [2016-03-23 17:32:00,483] (BaseRetryAspect.java:isLoginExceptionRetryable:115) - Login evaluation deemed exception not retry-able:
 LoginFault: Nombre de usuario, contraseña, token de seguridad o usuario no válidos o bloqueados.
 WARN [2016-03-23 17:32:00,488] (BaseRetryAspect.java:isConnectionExceptionRetryable:150) - Connection evaluation deemed exception not retry-able:
 LoginFault: Nombre de usuario, contraseña, token de seguridad o usuario no válidos o bloqueados.
 WARN [2016-03-23 17:32:00,491] (ProjectController.java:getRemotePackageNames:930) - Unable to get project packages for project 'SandBox23032016': Nombre de usuario, contraseña, token de seguridad o usuario no válidos o bloqueados.
 WARN [2016-03-23 17:32:00,544] (ProjectOrganizationPage.java:prepareNextPage:263) - Unable to login: Nombre de usuario, contraseña, token de seguridad o usuario no válidos o bloqueados.
 WARN [2016-03-23 17:36:23,877] (BaseRetryAspect.java:isLoginExceptionRetryable:115) - Login evaluation deemed exception not retry-able:
 LoginFault: Nombre de usuario, contraseña, token de seguridad o usuario no válidos o bloqueados.
 WARN [2016-03-23 17:36:23,880] (BaseRetryAspect.java:isConnectionExceptionRetryable:150) - Connection evaluation deemed exception not retry-able:
 LoginFault: Nombre de usuario, contraseña, token de seguridad o usuario no válidos o bloqueados.
 WARN [2016-03-23 17:36:23,883] (ProjectController.java:getRemotePackageNames:930) - Unable to get project packages for project 'SandBox23032016': Nombre de usuario, contraseña, token de seguridad o usuario no válidos o bloqueados.
 WARN [2016-03-23 17:36:23,994] (ProjectOrganizationPage.java:prepareNextPage:263) - Unable to login: Nombre de usuario, contraseña, token de seguridad o usuario no válidos o bloqueados.
 WARN [2016-03-23 17:39:18,941] (BaseRetryAspect.java:isLoginExceptionRetryable:115) - Login evaluation deemed exception not retry-able:
 LoginFault: Nombre de usuario, contraseña, token de seguridad o usuario no válidos o bloqueados.
 WARN [2016-03-23 17:39:18,943] (BaseRetryAspect.java:isConnectionExceptionRetryable:150) - Connection evaluation deemed exception not retry-able:
 LoginFault: Nombre de usuario, contraseña, token de seguridad o usuario no válidos o bloqueados.
 WARN [2016-03-23 17:39:18,945] (ProjectController.java:getRemotePackageNames:930) - Unable to get project packages for project 'SandBox23032016': Nombre de usuario, contraseña, token de seguridad o usuario no válidos o bloqueados.
 WARN [2016-03-23 17:39:18,978] (ProjectOrganizationPage.java:prepareNextPage:263) - Unable to login: Nombre de usuario, contraseña, token de seguridad o usuario no válidos o bloqueados.
 WARN [2016-03-23 17:39:37,344] (BaseRetryAspect.java:isLoginExceptionRetryable:115) - Login evaluation deemed exception not retry-able:
 LoginFault: Nombre de usuario, contraseña, token de seguridad o usuario no válidos o bloqueados.
 WARN [2016-03-23 17:39:37,349] (BaseRetryAspect.java:isConnectionExceptionRetryable:150) - Connection evaluation deemed exception not retry-able:
 LoginFault: Nombre de usuario, contraseña, token de seguridad o usuario no válidos o bloqueados.
 WARN [2016-03-23 17:39:37,354] (ProjectController.java:getRemotePackageNames:930) - Unable to get project packages for project 'SandBox23032016': Nombre de usuario, contraseña, token de seguridad o usuario no válidos o bloqueados.
 WARN [2016-03-23 17:39:37,396] (ProjectOrganizationPage.java:prepareNextPage:263) - Unable to login: Nombre de usuario, contraseña, token de seguridad o usuario no válidos o bloqueados.
 WARN [2016-03-23 17:42:58,809] (BaseRetryAspect.java:isLoginExceptionRetryable:115) - Login evaluation deemed exception not retry-able:
 LoginFault: Nombre de usuario, contraseña, token de seguridad o usuario no válidos o bloqueados.
 WARN [2016-03-23 17:42:58,810] (BaseRetryAspect.java:isConnectionExceptionRetryable:150) - Connection evaluation deemed exception not retry-able:
 LoginFault: Nombre de usuario, contraseña, token de seguridad o usuario no válidos o bloqueados.
 WARN [2016-03-23 17:42:58,812] (ProjectController.java:getRemotePackageNames:930) - Unable to get project packages for project 'SandBox23032016': Nombre de usuario, contraseña, token de seguridad o usuario no válidos o bloqueados.
 WARN [2016-03-23 17:42:58,836] (ProjectOrganizationPage.java:prepareNextPage:263) - Unable to login: Nombre de usuario, contraseña, token de seguridad o usuario no válidos o bloqueados.
 WARN [2016-03-23 17:43:49,838] (ComponentFactory.java:getComponentBean:1149) - Unable to get component for id 'Certificate': Unable to get bean for id 'Certificate'
 WARN [2016-03-23 17:43:49,841] (ComponentFactory.java:getComponentBean:1149) - Unable to get component for id 'AuraDefinitionBundle': Unable to get bean for id 'AuraDefinitionBundle'
 WARN [2016-03-23 17:43:49,857] (ComponentFactory.java:getComponentBean:1149) - Unable to get component for id 'ExternalDataSource': Unable to get bean for id 'ExternalDataSource'
 WARN [2016-03-23 17:43:49,860] (ComponentFactory.java:getComponentBean:1149) - Unable to get component for id 'NamedCredential': Unable to get bean for id 'NamedCredential'
 WARN [2016-03-23 17:43:49,897] (ComponentFactory.java:getComponentBean:1149) - Unable to get component for id 'CustomFeedFilter': Unable to get bean for id 'CustomFeedFilter'
 WARN [2016-03-23 17:43:49,950] (ComponentFactory.java:getComponentBean:1149) - Unable to get component for id 'FlowDefinition': Unable to get bean for id 'FlowDefinition'
 WARN [2016-03-23 17:43:50,016] (ComponentFactory.java:getComponentBean:1149) - Unable to get component for id 'MatchingRules': Unable to get bean for id 'MatchingRules'
 WARN [2016-03-23 17:43:50,028] (ComponentFactory.java:getComponentBean:1149) - Unable to get component for id 'ChannelLayout': Unable to get bean for id 'ChannelLayout'
 WARN [2016-03-23 17:43:50,031] (ComponentFactory.java:getComponentBean:1149) - Unable to get component for id 'SharingRules': Unable to get bean for id 'SharingRules'
 WARN [2016-03-23 17:43:50,062] (ComponentFactory.java:getComponentBean:1149) - Unable to get component for id 'DelegateGroup': Unable to get bean for id 'DelegateGroup'
 WARN [2016-03-23 17:43:50,071] (ComponentFactory.java:getComponentBean:1149) - Unable to get component for id 'ManagedTopics': Unable to get bean for id 'ManagedTopics'
 WARN [2016-03-23 17:43:50,074] (ComponentFactory.java:getComponentBean:1149) - Unable to get component for id 'KeywordList': Unable to get bean for id 'KeywordList'
 WARN [2016-03-23 17:43:50,076] (ComponentFactory.java:getComponentBean:1149) - Unable to get component for id 'ModerationRule': Unable to get bean for id 'ModerationRule'
 WARN [2016-03-23 17:43:50,082] (ComponentFactory.java:getComponentBean:1149) - Unable to get component for id 'CorsWhitelistOrigin': Unable to get bean for id 'CorsWhitelistOrigin'
 WARN [2016-03-23 17:43:50,084] (ComponentFactory.java:getComponentBean:1149) - Unable to get component for id 'ActionLinkGroupTemplate': Unable to get bean for id 'ActionLinkGroupTemplate'
 WARN [2016-03-23 17:43:50,100] (ComponentFactory.java:getComponentBean:1149) - Unable to get component for id 'SynonymDictionary': Unable to get bean for id 'SynonymDictionary'
 WARN [2016-03-23 17:43:50,103] (ComponentFactory.java:getComponentBean:1149) - Unable to get component for id 'PathAssistant': Unable to get bean for id 'PathAssistant'
 WARN [2016-03-23 17:43:50,105] (ComponentFactory.java:getComponentBean:1149) - Unable to get component for id 'LiveChatSensitiveDataRule': Unable to get bean for id 'LiveChatSensitiveDataRule'
 WARN [2016-03-23 17:43:50,107] (ComponentFactory.java:getComponentBean:1149) - Unable to get component for id 'PlatformCachePartition': Unable to get bean for id 'PlatformCachePartition'
 WARN [2016-03-23 17:43:51,298] (ComponentFactory.java:getComponentBean:1149) - Unable to get component for id 'Certificate': Unable to get bean for id 'Certificate'
 WARN [2016-03-23 17:43:51,300] (ComponentFactory.java:getComponentBean:1149) - Unable to get component for id 'AuraDefinitionBundle': Unable to get bean for id 'AuraDefinitionBundle'
 WARN [2016-03-23 17:43:51,304] (ComponentFactory.java:getComponentBean:1149) - Unable to get component for id 'ExternalDataSource': Unable to get bean for id 'ExternalDataSource'
 WARN [2016-03-23 17:43:51,307] (ComponentFactory.java:getComponentBean:1149) - Unable to get component for id 'NamedCredential': Unable to get bean for id 'NamedCredential'
 WARN [2016-03-23 17:43:51,313] (ComponentFactory.java:getComponentBean:1149) - Unable to get component for id 'CustomFeedFilter': Unable to get bean for id 'CustomFeedFilter'
 WARN [2016-03-23 17:43:51,320] (ComponentFactory.java:getComponentBean:1149) - Unable to get component for id 'FlowDefinition': Unable to get bean for id 'FlowDefinition'
 WARN [2016-03-23 17:43:51,326] (ComponentFactory.java:getComponentBean:1149) - Unable to get component for id 'MatchingRules': Unable to get bean for id 'MatchingRules'
 WARN [2016-03-23 17:43:51,329] (ComponentFactory.java:getComponentBean:1149) - Unable to get component for id 'ChannelLayout': Unable to get bean for id 'ChannelLayout'
 WARN [2016-03-23 17:43:51,331] (ComponentFactory.java:getComponentBean:1149) - Unable to get component for id 'SharingRules': Unable to get bean for id 'SharingRules'
 WARN [2016-03-23 17:43:51,335] (ComponentFactory.java:getComponentBean:1149) - Unable to get component for id 'DelegateGroup': Unable to get bean for id 'DelegateGroup'
 WARN [2016-03-23 17:43:51,338] (ComponentFactory.java:getComponentBean:1149) - Unable to get component for id 'ManagedTopics': Unable to get bean for id 'ManagedTopics'
 WARN [2016-03-23 17:43:51,340] (ComponentFactory.java:getComponentBean:1149) - Unable to get component for id 'KeywordList': Unable to get bean for id 'KeywordList'
 WARN [2016-03-23 17:43:51,343] (ComponentFactory.java:getComponentBean:1149) - Unable to get component for id 'ModerationRule': Unable to get bean for id 'ModerationRule'
 WARN [2016-03-23 17:43:51,345] (ComponentFactory.java:getComponentBean:1149) - Unable to get component for id 'CorsWhitelistOrigin': Unable to get bean for id 'CorsWhitelistOrigin'
 WARN [2016-03-23 17:43:51,348] (ComponentFactory.java:getComponentBean:1149) - Unable to get component for id 'ActionLinkGroupTemplate': Unable to get bean for id 'ActionLinkGroupTemplate'
 WARN [2016-03-23 17:43:51,351] (ComponentFactory.java:getComponentBean:1149) - Unable to get component for id 'SynonymDictionary': Unable to get bean for id 'SynonymDictionary'
 WARN [2016-03-23 17:43:51,354] (ComponentFactory.java:getComponentBean:1149) - Unable to get component for id 'PathAssistant': Unable to get bean for id 'PathAssistant'
 WARN [2016-03-23 17:43:51,357] (ComponentFactory.java:getComponentBean:1149) - Unable to get component for id 'LiveChatSensitiveDataRule': Unable to get bean for id 'LiveChatSensitiveDataRule'
 WARN [2016-03-23 17:43:51,359] (ComponentFactory.java:getComponentBean:1149) - Unable to get component for id 'PlatformCachePartition': Unable to get bean for id 'PlatformCachePartition'
 WARN [2016-03-23 17:44:48,944] (ProjectController.java:handleRetrieveResults:762) - Failed to retrieve: 'Salesforce Communities Management (for Communities with Chatter)/package.xml': Metadata API received improper input. Please ensure file name and capitalization is correct. Load of metadata from db failed for metadata of type:Report and file name:Misc_Communities_Reports/Insights_M_Messages_From_New_Members_1_0.
 WARN [2016-03-23 17:44:48,946] (ProjectController.java:handleRetrieveResults:762) - Failed to retrieve: 'Salesforce Communities Management (for Communities with Chatter)/package.xml': Metadata API received improper input. Please ensure file name and capitalization is correct. Load of metadata from db failed for metadata of type:Report and file name:Communities_Reports_2_0/MO_Metric_Total_Messages_Sent_2_0.
 WARN [2016-03-23 17:44:48,948] (ProjectController.java:handleRetrieveResults:762) - Failed to retrieve: 'Salesforce Communities Management (for Communities with Chatter)/package.xml': Metadata API received improper input. Please ensure file name and capitalization is correct. Load of metadata from db failed for metadata of type:Report and file name:Communities_Reports_2_0/MO_Metric_Messages_Sent_30_Days_2_0.
 WARN [2016-03-23 17:44:48,950] (ProjectController.java:handleRetrieveResults:762) - Failed to retrieve: 'Salesforce Communities Management (for Communities with Chatter)/package.xml': Metadata API received improper input. Please ensure file name and capitalization is correct. Load of metadata from db failed for metadata of type:Report and file name:Communities_Reports_2_0/MO_Top_Message_Senders_30_Days_2_0.
 WARN [2016-03-23 17:44:48,951] (ProjectController.java:handleRetrieveResults:762) - Failed to retrieve: 'Salesforce Communities Management (for Communities with Chatter)/package.xml': Metadata API received improper input. Please ensure file name and capitalization is correct. Load of metadata from db failed for metadata of type:Dashboard and file name:Communities_Dashboards_2_0/SfdcCommunitiesAnalyticsDefaultModeration_2_0.
 WARN [2016-03-23 17:44:48,953] (ProjectController.java:handleRetrieveResults:762) - Failed to retrieve: 'Salesforce1 and Chatter Apps/package.xml': Metadata API received improper input. Please ensure file name and capitalization is correct. Load of metadata from db failed for metadata of type:ConnectedApp and file name:Chatter_for_iOS.
 WARN [2016-03-23 17:44:48,955] (ProjectController.java:handleRetrieveResults:762) - Failed to retrieve: 'Salesforce1 and Chatter Apps/package.xml': Metadata API received improper input. Please ensure file name and capitalization is correct. Load of metadata from db failed for metadata of type:ConnectedApp and file name:SalesforceA.
 WARN [2016-03-23 17:44:48,957] (ProjectController.java:handleRetrieveResults:762) - Failed to retrieve: 'Salesforce1 and Chatter Apps/package.xml': Metadata API received improper input. Please ensure file name and capitalization is correct. Load of metadata from db failed for metadata of type:ConnectedApp and file name:Salesforce1_for_Windows.
 WARN [2016-03-23 17:44:48,958] (ProjectController.java:handleRetrieveResults:762) - Failed to retrieve: 'Salesforce1 and Chatter Apps/package.xml': Metadata API received improper input. Please ensure file name and capitalization is correct. Load of metadata from db failed for metadata of type:ConnectedApp and file name:Salesforce_Chatterbox.
 WARN [2016-03-23 17:44:48,959] (ProjectController.java:handleRetrieveResults:762) - Failed to retrieve: 'Salesforce1 and Chatter Apps/package.xml': Metadata API received improper input. Please ensure file name and capitalization is correct. Load of metadata from db failed for metadata of type:ConnectedApp and file name:Chatter_Desktop.
 WARN [2016-03-23 17:44:48,960] (ProjectController.java:handleRetrieveResults:762) - Failed to retrieve: 'Salesforce1 and Chatter Apps/package.xml': Metadata API received improper input. Please ensure file name and capitalization is correct. Load of metadata from db failed for metadata of type:ConnectedApp and file name:Chatter_for_BlackBerry.
 WARN [2016-03-23 17:44:48,962] (ProjectController.java:handleRetrieveResults:762) - Failed to retrieve: 'Salesforce1 and Chatter Apps/package.xml': Metadata API received improper input. Please ensure file name and capitalization is correct. Load of metadata from db failed for metadata of type:ConnectedApp and file name:Chatter_for_Android.
 WARN [2016-03-23 17:44:48,963] (ProjectController.java:handleRetrieveResults:762) - Failed to retrieve: 'Scheduled Chatter/package.xml': Can't retrieve non-customizable CustomObject named: ScheduledChatterLock__c
 WARN [2016-03-23 17:44:48,964] (ProjectController.java:handleRetrieveResults:762) - Failed to retrieve: 'Scheduled Chatter/package.xml': Can't retrieve non-customizable CustomObject named: ScheduledChatterLock__c
 WARN [2016-03-23 17:44:48,991] (ComponentFactory.java:getComponentByFilePath:614) - No id found for filepath 'modules/C5r_Desktop_oauth/ConnectivityDevConfigs/C5r_Desktop_oauth_devConfig.ConnectivityDevConfig', tagging as component of type 'Unknown'
 WARN [2016-03-23 17:44:48,997] (ComponentFactory.java:getComponentByFilePath:614) - No id found for filepath 'modules/C5r_Desktop_oauth/modules/sf_chttr_apps__C5r_Desktop_oauth', tagging as component of type 'Unknown'
 WARN [2016-03-23 17:44:49,021] (ComponentFactory.java:getComponentByFilePath:614) - No id found for filepath 'applicationManifests/Chatter_Desktop', tagging as component of type 'Unknown'
 WARN [2016-03-23 17:44:49,024] (ComponentFactory.java:getComponentByFilePath:614) - No id found for filepath 'modules/C5r_for_Android_oauth_android/AndroidPushApplicationSetup/C5r_for_Android_oauth_androidAndroidPushApplicationSetup.AndroidPushApplicationSetup', tagging as component of type 'Unknown'
 WARN [2016-03-23 17:44:49,027] (ComponentFactory.java:getComponentByFilePath:614) - No id found for filepath 'modules/C5r_for_Android_oauth_android/modules/sf_chttr_apps__C5r_for_Android_oauth_android', tagging as component of type 'Unknown'
 WARN [2016-03-23 17:44:49,030] (ComponentFactory.java:getComponentByFilePath:614) - No id found for filepath 'modules/C5r_for_Android_oauth/ConnectivityDevConfigs/C5r_for_Android_oauth_devConfig.ConnectivityDevConfig', tagging as component of type 'Unknown'
 WARN [2016-03-23 17:44:49,032] (ComponentFactory.java:getComponentByFilePath:614) - No id found for filepath 'modules/C5r_for_Android_oauth/modules/sf_chttr_apps__C5r_for_Android_oauth', tagging as component of type 'Unknown'
 WARN [2016-03-23 17:44:49,035] (ComponentFactory.java:getComponentByFilePath:614) - No id found for filepath 'applicationManifests/Chatter_for_Android', tagging as component of type 'Unknown'
 WARN [2016-03-23 17:44:49,040] (ComponentFactory.java:getComponentByFilePath:614) - No id found for filepath 'modules/C5r_for_BlackBerry_oauth/ConnectivityDevConfigs/C5r_for_BlackBerry_oauth_devConfig.ConnectivityDevConfig', tagging as component of type 'Unknown'
 WARN [2016-03-23 17:44:49,042] (ComponentFactory.java:getComponentByFilePath:614) - No id found for filepath 'modules/C5r_for_BlackBerry_oauth/modules/sf_chttr_apps__C5r_for_BlackBerry_oauth', tagging as component of type 'Unknown'
 WARN [2016-03-23 17:44:49,045] (ComponentFactory.java:getComponentByFilePath:614) - No id found for filepath 'applicationManifests/Chatter_for_BlackBerry', tagging as component of type 'Unknown'
 WARN [2016-03-23 17:44:49,048] (ComponentFactory.java:getComponentByFilePath:614) - No id found for filepath 'modules/C5r_for_iOS_oauth_apple/ApplePushApplicationSetup/C5r_for_iOS_oauth_appleApplePushApplicationSetup.ApplePushApplicationSetup', tagging as component of type 'Unknown'
 WARN [2016-03-23 17:44:49,050] (ComponentFactory.java:getComponentByFilePath:614) - No id found for filepath 'modules/C5r_for_iOS_oauth_apple/modules/sf_chttr_apps__C5r_for_iOS_oauth_apple', tagging as component of type 'Unknown'
 WARN [2016-03-23 17:44:49,053] (ComponentFactory.java:getComponentByFilePath:614) - No id found for filepath 'modules/C5r_for_iOS_oauth/ConnectivityDevConfigs/C5r_for_iOS_oauth_devConfig.ConnectivityDevConfig', tagging as component of type 'Unknown'
 WARN [2016-03-23 17:44:49,055] (ComponentFactory.java:getComponentByFilePath:614) - No id found for filepath 'modules/C5r_for_iOS_oauth/modules/sf_chttr_apps__C5r_for_iOS_oauth', tagging as component of type 'Unknown'
 WARN [2016-03-23 17:44:49,058] (ComponentFactory.java:getComponentByFilePath:614) - No id found for filepath 'applicationManifests/Chatter_for_iOS', tagging as component of type 'Unknown'
 WARN [2016-03-23 17:44:49,061] (ComponentFactory.java:getComponentByFilePath:614) - No id found for filepath 'modules/S91_for_Windows_oauth/ConnectivityDevConfigs/S91_for_Windows_oauth_devConfig.ConnectivityDevConfig', tagging as component of type 'Unknown'
 WARN [2016-03-23 17:44:49,063] (ComponentFactory.java:getComponentByFilePath:614) - No id found for filepath 'modules/S91_for_Windows_oauth/modules/sf_chttr_apps__S91_for_Windows_oauth', tagging as component of type 'Unknown'
 WARN [2016-03-23 17:44:49,066] (ComponentFactory.java:getComponentByFilePath:614) - No id found for filepath 'applicationManifests/Salesforce1_for_Windows', tagging as component of type 'Unknown'
 WARN [2016-03-23 17:44:49,069] (ComponentFactory.java:getComponentByFilePath:614) - No id found for filepath 'modules/S9A_oauth/ConnectivityDevConfigs/S9A_oauth_devConfig.ConnectivityDevConfig', tagging as component of type 'Unknown'
 WARN [2016-03-23 17:44:49,071] (ComponentFactory.java:getComponentByFilePath:614) - No id found for filepath 'modules/S9A_oauth/modules/sf_chttr_apps__S9A_oauth', tagging as component of type 'Unknown'
 WARN [2016-03-23 17:44:49,074] (ComponentFactory.java:getComponentByFilePath:614) - No id found for filepath 'applicationManifests/SalesforceA', tagging as component of type 'Unknown'
 WARN [2016-03-23 17:44:49,077] (ComponentFactory.java:getComponentByFilePath:614) - No id found for filepath 'modules/S8e_C8x_oauth/ConnectivityDevConfigs/S8e_C8x_oauth_devConfig.ConnectivityDevConfig', tagging as component of type 'Unknown'
 WARN [2016-03-23 17:44:49,079] (ComponentFactory.java:getComponentByFilePath:614) - No id found for filepath 'modules/S8e_C8x_oauth/modules/sf_chttr_apps__S8e_C8x_oauth', tagging as component of type 'Unknown'
 WARN [2016-03-23 17:44:49,082] (ComponentFactory.java:getComponentByFilePath:614) - No id found for filepath 'applicationManifests/Salesforce_Chatterbox', tagging as component of type 'Unknown'
ERROR [2016-03-23 17:44:49,084] (ProjectPackageList.java:generateComponents:483) - Filepath-zip mapping is null or empty for package 'Salesforce1 and Chatter Apps' [0A3j0000000i2fECAQ] - skipping component generation
 WARN [2016-03-23 17:44:49,651] (ComponentFactory.java:getComponentByFilePath:614) - No id found for filepath 'modules/dataloader_io2_oauth_c4s/Canvases/dataloader_io2_oauth_c4sCanvas.Canvas', tagging as component of type 'Unknown'
 WARN [2016-03-23 17:44:49,654] (ComponentFactory.java:getComponentByFilePath:614) - No id found for filepath 'modules/dataloader_io2_oauth_c4s/modules/mule__dataloader_io2_oauth_c4s', tagging as component of type 'Unknown'
 WARN [2016-03-23 17:44:54,950] (ProjectPackageList.java:saveResources:1161) - Component list in project package 'Salesforce1 and Chatter Apps' is empty.  No resources to save.
 WARN [2016-03-23 18:32:40,849] (ConnectionFactory.java:clearCache:220) - Clearing the following cached connections
 WARN [2016-03-23 18:32:40,996] (DescribeObjectRegistry.java:clearCache:663) - Clearing cached describes
 WARN [2016-03-23 18:32:41,098] (MetadataFactory.java:clearCache:128) - Clearing the following cached metadata stubs
 WARN [2016-03-23 21:20:46,511] (ConnectionFactory.java:clearCache:217) - No cached connections
 WARN [2016-03-23 21:20:46,705] (DescribeObjectRegistry.java:clearCache:660) - No cached describes
 WARN [2016-03-23 21:20:46,833] (MetadataFactory.java:clearCache:125) - No cached metadata stubs
 WARN [2016-03-24 22:20:54,860] (ConnectionFactory.java:clearCache:217) - No cached connections
 WARN [2016-03-24 22:20:55,353] (DescribeObjectRegistry.java:clearCache:660) - No cached describes
 WARN [2016-03-24 22:20:55,548] (MetadataFactory.java:clearCache:125) - No cached metadata stubs
 WARN [2016-03-28 18:50:40,563] (ConnectionFactory.java:clearCache:220) - Clearing the following cached connections
 WARN [2016-03-28 18:50:41,700] (DescribeObjectRegistry.java:clearCache:663) - Clearing cached describes
 WARN [2016-03-28 18:50:41,815] (MetadataFactory.java:clearCache:125) - No cached metadata stubs
 WARN [2016-03-29 22:03:52,519] (ConnectionFactory.java:clearCache:220) - Clearing the following cached connections
 WARN [2016-03-29 22:03:53,822] (DescribeObjectRegistry.java:clearCache:663) - Clearing cached describes
 WARN [2016-03-29 22:03:53,923] (MetadataFactory.java:clearCache:125) - No cached metadata stubs
 WARN [2016-03-30 17:35:05,526] (ConnectionFactory.java:clearCache:217) - No cached connections
 WARN [2016-03-30 17:35:06,525] (DescribeObjectRegistry.java:clearCache:660) - No cached describes
 WARN [2016-03-30 17:35:06,855] (MetadataFactory.java:clearCache:125) - No cached metadata stubs
 WARN [2016-03-30 18:36:26,331] (ConnectionFactory.java:clearCache:217) - No cached connections
 WARN [2016-03-30 18:36:27,399] (DescribeObjectRegistry.java:clearCache:660) - No cached describes
 WARN [2016-03-30 18:36:27,584] (MetadataFactory.java:clearCache:125) - No cached metadata stubs
 WARN [2016-03-31 19:03:00,110] (ConnectionFactory.java:clearCache:217) - No cached connections
 WARN [2016-03-31 19:03:00,842] (DescribeObjectRegistry.java:clearCache:660) - No cached describes
 WARN [2016-03-31 19:03:00,945] (MetadataFactory.java:clearCache:125) - No cached metadata stubs
 WARN [2016-03-31 21:19:27,996] (ConnectionFactory.java:clearCache:217) - No cached connections
 WARN [2016-03-31 21:19:28,240] (DescribeObjectRegistry.java:clearCache:660) - No cached describes
 WARN [2016-03-31 21:19:28,358] (MetadataFactory.java:clearCache:125) - No cached metadata stubs
